<?xml version="1.0" encoding="UTF-8"?>
<!-- Generated by org.testng.reporters.JUnitReportReporter -->
<testsuite hostname="DESKTOP-M64MAKE" failures="0" tests="1" name="TestRunneerrr2.TestRunneerrr2" time="75.398" errors="0" timestamp="2021-07-16T11:27:41 PDT" skipped="0">
  <testcase classname="TestRunneerrr2.TestRunneerrr2" name="feature" time="75.398"/>
  <system-out/>
</testsuite> <!-- TestRunneerrr2.TestRunneerrr2 -->
