<?xml version="1.0" encoding="UTF-8"?>
<!-- Generated by org.testng.reporters.JUnitReportReporter -->
<testsuite hostname="DESKTOP-M64MAKE" failures="0" tests="1" name="TestRunneerrr2.TestRunneerrr2" time="63.800" errors="0" timestamp="2021-07-01T22:49:08 PDT" skipped="0">
  <testcase classname="TestRunneerrr2.TestRunneerrr2" name="feature" time="63.800"/>
  <system-out/>
</testsuite> <!-- TestRunneerrr2.TestRunneerrr2 -->
